0 verbose cli /Users/macbook/.volta/tools/image/node/24.13.0/bin/node /Users/macbook/.volta/tools/image/node/24.13.0/lib/node_modules/npm/bin/npm-cli.js
1 info using npm@11.6.2
2 info using node@v24.13.0
3 silly config load:file:/Users/macbook/.volta/tools/image/node/24.13.0/lib/node_modules/npm/npmrc
4 silly config load:file:/Users/macbook/Desktop/Home/Development/doordrop/.npmrc
5 silly config load:file:/Users/macbook/.volta/tools/image/node/24.13.0/etc/npmrc
6 verbose title npm exec expo start --web --port 8084
7 verbose argv "exec" "--" "expo" "start" "--web" "--port" "8084"
8 verbose logfile logs-max:10 dir:/Users/macbook/Desktop/Home/Development/doordrop/.npm/_logs/2026-04-06T20_46_42_166Z-
9 verbose logfile /Users/macbook/Desktop/Home/Development/doordrop/.npm/_logs/2026-04-06T20_46_42_166Z-debug-0.log
10 silly logfile done cleaning log files
11 http fetch GET 200 https://registry.npmjs.org/npm 1116ms
12 verbose cwd /Users/macbook/Desktop/Home/Development/doordrop
13 verbose os Darwin 25.3.0
14 verbose node v24.13.0
15 verbose npm  v11.6.2
16 notice
16 notice New [33mminor[39m version of npm available! [33m11.6.2[39m -> [34m11.12.1[39m
16 notice Changelog: [34mhttps://github.com/npm/cli/releases/tag/v11.12.1[39m
16 notice To update run: [4mnpm install -g npm@11.12.1[24m
16 notice  { force: true, Symbol(proc-log.meta): true }
17 verbose exit 0
18 info ok
